<?xml version="1.0" encoding="UTF-8"?>
<!-- Generated by org.testng.reporters.JUnitReportReporter -->
<testsuite hostname="DESKTOP-HARN0SM" name="com.bin.MultiClassExecutionClass1" tests="3" failures="0" timestamp="25 Mar 2020 06:34:37 GMT" time="0.022" errors="0">
  <testcase name="demo1" time="0.017" classname="com.bin.MultiClassExecutionClass1"/>
  <testcase name="demo2" time="0.003" classname="com.bin.MultiClassExecutionClass1"/>
  <testcase name="demo3" time="0.002" classname="com.bin.MultiClassExecutionClass1"/>
</testsuite> <!-- com.bin.MultiClassExecutionClass1 -->
