<?xml version="1.0" encoding="UTF-8"?>
<!-- Generated by org.testng.reporters.JUnitReportReporter -->
<testsuite hostname="DESKTOP-HARN0SM" name="com.bin.MultiClassExecutionClass2" tests="2" failures="0" timestamp="25 Mar 2020 06:34:37 GMT" time="0.006" errors="0">
  <testcase name="demo5" time="0.005" classname="com.bin.MultiClassExecutionClass2"/>
  <testcase name="demo4" time="0.001" classname="com.bin.MultiClassExecutionClass2"/>
</testsuite> <!-- com.bin.MultiClassExecutionClass2 -->
