<?xml version="1.0" encoding="UTF-8"?>
<!-- Generated by org.testng.reporters.JUnitReportReporter -->
<testsuite hostname="DESKTOP-HARN0SM" name="com.bin.WithAndWithoutTestNg" tests="1" failures="0" timestamp="25 Mar 2020 04:39:38 GMT" time="10.110" errors="0">
  <testcase name="Test1" time="10.110" classname="com.bin.WithAndWithoutTestNg"/>
</testsuite> <!-- com.bin.WithAndWithoutTestNg -->
