<?xml version="1.0" encoding="UTF-8"?>
<!-- Generated by org.testng.reporters.JUnitReportReporter -->
<testsuite hostname="DESKTOP-HARN0SM" name="com.bin.MultiClassExecutionClass3" tests="1" failures="0" timestamp="25 Mar 2020 06:34:37 GMT" time="0.002" errors="0">
  <testcase name="demo6" time="0.002" classname="com.bin.MultiClassExecutionClass3"/>
</testsuite> <!-- com.bin.MultiClassExecutionClass3 -->
